2026-01-08 07:06:01,428 - INFO - Za³adowano bazê SKU-to-ID z pliku: 28958 rekordów.
2026-01-08 07:06:02,062 - INFO - Znaleziono poprawny magazyn: Magazyn BaseLinker (ID: bl_1)
2026-01-08 07:06:02,712 - INFO - Pobrano 1000 produktów z BaseLinker (strona 1).
2026-01-08 07:06:03,524 - INFO - Pobrano 1000 produktów z BaseLinker (strona 2).
2026-01-08 07:06:04,320 - INFO - Pobrano 1000 produktów z BaseLinker (strona 3).
2026-01-08 07:06:05,122 - INFO - Pobrano 1000 produktów z BaseLinker (strona 4).
2026-01-08 07:06:05,904 - INFO - Pobrano 1000 produktów z BaseLinker (strona 5).
2026-01-08 07:06:06,860 - INFO - Pobrano 1000 produktów z BaseLinker (strona 6).
2026-01-08 07:06:07,688 - INFO - Pobrano 1000 produktów z BaseLinker (strona 7).
2026-01-08 07:06:08,507 - INFO - Pobrano 1000 produktów z BaseLinker (strona 8).
2026-01-08 07:06:09,316 - INFO - Pobrano 1000 produktów z BaseLinker (strona 9).
2026-01-08 07:06:10,159 - INFO - Pobrano 1000 produktów z BaseLinker (strona 10).
2026-01-08 07:06:10,986 - INFO - Pobrano 1000 produktów z BaseLinker (strona 11).
2026-01-08 07:06:11,816 - INFO - Pobrano 1000 produktów z BaseLinker (strona 12).
2026-01-08 07:06:12,669 - INFO - Pobrano 1000 produktów z BaseLinker (strona 13).
2026-01-08 07:06:13,488 - INFO - Pobrano 1000 produktów z BaseLinker (strona 14).
2026-01-08 07:06:14,290 - INFO - Pobrano 1000 produktów z BaseLinker (strona 15).
2026-01-08 07:06:15,119 - INFO - Pobrano 1000 produktów z BaseLinker (strona 16).
2026-01-08 07:06:15,958 - INFO - Pobrano 1000 produktów z BaseLinker (strona 17).
2026-01-08 07:06:16,790 - INFO - Pobrano 1000 produktów z BaseLinker (strona 18).
2026-01-08 07:06:17,615 - INFO - Pobrano 1000 produktów z BaseLinker (strona 19).
2026-01-08 07:06:18,476 - INFO - Pobrano 1000 produktów z BaseLinker (strona 20).
2026-01-08 07:06:19,328 - INFO - Pobrano 1000 produktów z BaseLinker (strona 21).
2026-01-08 07:06:20,185 - INFO - Pobrano 1000 produktów z BaseLinker (strona 22).
2026-01-08 07:06:21,053 - INFO - Pobrano 1000 produktów z BaseLinker (strona 23).
2026-01-08 07:06:21,893 - INFO - Pobrano 1000 produktów z BaseLinker (strona 24).
2026-01-08 07:06:22,732 - INFO - Pobrano 1000 produktów z BaseLinker (strona 25).
2026-01-08 07:06:23,579 - INFO - Pobrano 1000 produktów z BaseLinker (strona 26).
2026-01-08 07:06:24,441 - INFO - Pobrano 1000 produktów z BaseLinker (strona 27).
2026-01-08 07:06:25,293 - INFO - Pobrano 1000 produktów z BaseLinker (strona 28).
2026-01-08 07:06:26,174 - INFO - Pobrano 958 produktów z BaseLinker (strona 29).
2026-01-08 07:06:27,030 - INFO - £¹cznie pobrano 28958 produktów z BaseLinker.
2026-01-08 07:06:27,042 - INFO - Brak zmian w bazie SKU-to-ID – wszystkie SKU s¹ aktualne.
2026-01-09 10:43:51,323 - INFO - Za³adowano bazê SKU-to-ID z pliku: 38879 rekordów.
2026-01-09 10:43:51,902 - INFO - Znaleziono poprawny magazyn: Magazyn BaseLinker (ID: bl_1)
2026-01-09 10:43:52,616 - INFO - Pobrano 1000 produktów z BaseLinker (strona 1).
2026-01-09 10:43:53,401 - INFO - Pobrano 1000 produktów z BaseLinker (strona 2).
2026-01-09 10:43:54,202 - INFO - Pobrano 1000 produktów z BaseLinker (strona 3).
2026-01-09 10:43:54,996 - INFO - Pobrano 1000 produktów z BaseLinker (strona 4).
2026-01-09 10:43:55,774 - INFO - Pobrano 1000 produktów z BaseLinker (strona 5).
2026-01-09 10:43:56,558 - INFO - Pobrano 1000 produktów z BaseLinker (strona 6).
2026-01-09 10:43:57,365 - INFO - Pobrano 1000 produktów z BaseLinker (strona 7).
2026-01-09 10:43:58,178 - INFO - Pobrano 1000 produktów z BaseLinker (strona 8).
2026-01-09 10:43:58,993 - INFO - Pobrano 1000 produktów z BaseLinker (strona 9).
2026-01-09 10:43:59,826 - INFO - Pobrano 1000 produktów z BaseLinker (strona 10).
2026-01-09 10:44:00,632 - INFO - Pobrano 1000 produktów z BaseLinker (strona 11).
2026-01-09 10:44:01,431 - INFO - Pobrano 1000 produktów z BaseLinker (strona 12).
2026-01-09 10:44:02,300 - INFO - Pobrano 1000 produktów z BaseLinker (strona 13).
2026-01-09 10:44:03,123 - INFO - Pobrano 1000 produktów z BaseLinker (strona 14).
2026-01-09 10:44:03,921 - INFO - Pobrano 1000 produktów z BaseLinker (strona 15).
2026-01-09 10:44:04,743 - INFO - Pobrano 1000 produktów z BaseLinker (strona 16).
2026-01-09 10:44:05,556 - INFO - Pobrano 1000 produktów z BaseLinker (strona 17).
2026-01-09 10:44:06,395 - INFO - Pobrano 1000 produktów z BaseLinker (strona 18).
2026-01-09 10:44:07,288 - INFO - Pobrano 1000 produktów z BaseLinker (strona 19).
2026-01-09 10:44:08,123 - INFO - Pobrano 1000 produktów z BaseLinker (strona 20).
2026-01-09 10:44:08,978 - INFO - Pobrano 1000 produktów z BaseLinker (strona 21).
2026-01-09 10:44:09,819 - INFO - Pobrano 1000 produktów z BaseLinker (strona 22).
2026-01-09 10:44:10,660 - INFO - Pobrano 1000 produktów z BaseLinker (strona 23).
2026-01-09 10:44:11,505 - INFO - Pobrano 1000 produktów z BaseLinker (strona 24).
2026-01-09 10:44:12,355 - INFO - Pobrano 1000 produktów z BaseLinker (strona 25).
2026-01-09 10:44:13,218 - INFO - Pobrano 1000 produktów z BaseLinker (strona 26).
2026-01-09 10:44:14,075 - INFO - Pobrano 1000 produktów z BaseLinker (strona 27).
2026-01-09 10:44:14,928 - INFO - Pobrano 1000 produktów z BaseLinker (strona 28).
2026-01-09 10:44:15,809 - INFO - Pobrano 1000 produktów z BaseLinker (strona 29).
2026-01-09 10:44:16,662 - INFO - Pobrano 1000 produktów z BaseLinker (strona 30).
2026-01-09 10:44:17,508 - INFO - Pobrano 1000 produktów z BaseLinker (strona 31).
2026-01-09 10:44:18,436 - INFO - Pobrano 1000 produktów z BaseLinker (strona 32).
2026-01-09 10:44:19,326 - INFO - Pobrano 1000 produktów z BaseLinker (strona 33).
2026-01-09 10:44:20,484 - INFO - Pobrano 1000 produktów z BaseLinker (strona 34).
2026-01-09 10:44:21,346 - INFO - Pobrano 1000 produktów z BaseLinker (strona 35).
2026-01-09 10:44:22,240 - INFO - Pobrano 1000 produktów z BaseLinker (strona 36).
2026-01-09 10:44:23,152 - INFO - Pobrano 1000 produktów z BaseLinker (strona 37).
2026-01-09 10:44:24,013 - INFO - Pobrano 1000 produktów z BaseLinker (strona 38).
2026-01-09 10:44:24,910 - INFO - Pobrano 1000 produktów z BaseLinker (strona 39).
2026-01-09 10:44:25,791 - INFO - Pobrano 1000 produktów z BaseLinker (strona 40).
2026-01-09 10:44:26,680 - INFO - Pobrano 1000 produktów z BaseLinker (strona 41).
2026-01-09 10:44:27,548 - INFO - Pobrano 1000 produktów z BaseLinker (strona 42).
2026-01-09 10:44:28,425 - INFO - Pobrano 1000 produktów z BaseLinker (strona 43).
2026-01-09 10:44:29,312 - INFO - Pobrano 1000 produktów z BaseLinker (strona 44).
2026-01-09 10:44:30,208 - INFO - Pobrano 1000 produktów z BaseLinker (strona 45).
2026-01-09 10:44:31,095 - INFO - Pobrano 1000 produktów z BaseLinker (strona 46).
2026-01-09 10:44:31,990 - INFO - Pobrano 1000 produktów z BaseLinker (strona 47).
2026-01-09 10:44:32,900 - INFO - Pobrano 1000 produktów z BaseLinker (strona 48).
2026-01-09 10:44:33,817 - INFO - Pobrano 1000 produktów z BaseLinker (strona 49).
2026-01-09 10:44:34,751 - INFO - Pobrano 1000 produktów z BaseLinker (strona 50).
2026-01-09 10:44:35,677 - INFO - Pobrano 1000 produktów z BaseLinker (strona 51).
2026-01-09 10:44:36,599 - INFO - Pobrano 1000 produktów z BaseLinker (strona 52).
2026-01-09 10:44:37,488 - INFO - Pobrano 1000 produktów z BaseLinker (strona 53).
2026-01-09 10:44:38,423 - INFO - Pobrano 1000 produktów z BaseLinker (strona 54).
2026-01-09 10:44:39,325 - INFO - Pobrano 1000 produktów z BaseLinker (strona 55).
2026-01-09 10:44:40,243 - INFO - Pobrano 1000 produktów z BaseLinker (strona 56).
2026-01-09 10:44:41,177 - INFO - Pobrano 1000 produktów z BaseLinker (strona 57).
2026-01-09 10:44:42,100 - INFO - Pobrano 1000 produktów z BaseLinker (strona 58).
2026-01-09 10:44:43,044 - INFO - Pobrano 1000 produktów z BaseLinker (strona 59).
2026-01-09 10:44:43,979 - INFO - Pobrano 1000 produktów z BaseLinker (strona 60).
2026-01-09 10:44:44,891 - INFO - Pobrano 1000 produktów z BaseLinker (strona 61).
2026-01-09 10:44:45,860 - INFO - Pobrano 1000 produktów z BaseLinker (strona 62).
2026-01-09 10:44:46,833 - INFO - Pobrano 1000 produktów z BaseLinker (strona 63).
2026-01-09 10:44:47,820 - INFO - Pobrano 1000 produktów z BaseLinker (strona 64).
2026-01-09 10:44:48,786 - INFO - Pobrano 1000 produktów z BaseLinker (strona 65).
2026-01-09 10:44:49,775 - INFO - Pobrano 1000 produktów z BaseLinker (strona 66).
2026-01-09 10:44:50,854 - INFO - Pobrano 1000 produktów z BaseLinker (strona 67).
2026-01-09 10:44:51,904 - INFO - Pobrano 1000 produktów z BaseLinker (strona 68).
2026-01-09 10:44:53,038 - INFO - Pobrano 1000 produktów z BaseLinker (strona 69).
2026-01-09 10:44:53,981 - INFO - Pobrano 1000 produktów z BaseLinker (strona 70).
2026-01-09 10:44:54,935 - INFO - Pobrano 1000 produktów z BaseLinker (strona 71).
2026-01-09 10:44:55,871 - INFO - Pobrano 1000 produktów z BaseLinker (strona 72).
2026-01-09 10:44:56,838 - INFO - Pobrano 1000 produktów z BaseLinker (strona 73).
2026-01-09 10:44:57,823 - INFO - Pobrano 1000 produktów z BaseLinker (strona 74).
2026-01-09 10:44:58,825 - INFO - Pobrano 1000 produktów z BaseLinker (strona 75).
2026-01-09 10:44:59,825 - INFO - Pobrano 1000 produktów z BaseLinker (strona 76).
2026-01-09 10:45:00,794 - INFO - Pobrano 1000 produktów z BaseLinker (strona 77).
2026-01-09 10:45:01,744 - INFO - Pobrano 1000 produktów z BaseLinker (strona 78).
2026-01-09 10:45:02,733 - INFO - Pobrano 1000 produktów z BaseLinker (strona 79).
2026-01-09 10:45:03,705 - INFO - Pobrano 1000 produktów z BaseLinker (strona 80).
2026-01-09 10:45:04,677 - INFO - Pobrano 1000 produktów z BaseLinker (strona 81).
2026-01-09 10:45:05,679 - INFO - Pobrano 1000 produktów z BaseLinker (strona 82).
2026-01-09 10:45:06,679 - INFO - Pobrano 1000 produktów z BaseLinker (strona 83).
2026-01-09 10:45:07,736 - INFO - Pobrano 1000 produktów z BaseLinker (strona 84).
2026-01-09 10:45:08,726 - INFO - Pobrano 327 produktów z BaseLinker (strona 85).
2026-01-09 10:45:09,668 - INFO - £¹cznie pobrano 84327 produktów z BaseLinker.
2026-01-09 10:45:09,713 - INFO - Dodano 45448 nowych SKU do bazy SKU-to-ID.
2026-01-09 10:45:09,824 - INFO - Zapisano bazê SKU-to-ID do pliku: 84327 rekordów.
2026-01-09 11:00:11,344 - INFO - Za³adowano bazê SKU-to-ID z pliku: 84817 rekordów.
2026-01-09 11:00:11,973 - INFO - Znaleziono poprawny magazyn: Magazyn BaseLinker (ID: bl_1)
2026-01-09 11:00:12,646 - INFO - Pobrano 1000 produktów z BaseLinker (strona 1).
2026-01-09 11:00:13,457 - INFO - Pobrano 1000 produktów z BaseLinker (strona 2).
2026-01-09 11:00:14,275 - INFO - Pobrano 1000 produktów z BaseLinker (strona 3).
2026-01-09 11:00:15,096 - INFO - Pobrano 1000 produktów z BaseLinker (strona 4).
2026-01-09 11:00:15,890 - INFO - Pobrano 1000 produktów z BaseLinker (strona 5).
2026-01-09 11:00:16,744 - INFO - Pobrano 1000 produktów z BaseLinker (strona 6).
2026-01-09 11:00:17,598 - INFO - Pobrano 1000 produktów z BaseLinker (strona 7).
2026-01-09 11:00:18,423 - INFO - Pobrano 1000 produktów z BaseLinker (strona 8).
2026-01-09 11:00:19,235 - INFO - Pobrano 1000 produktów z BaseLinker (strona 9).
2026-01-09 11:00:20,081 - INFO - Pobrano 1000 produktów z BaseLinker (strona 10).
2026-01-09 11:00:20,890 - INFO - Pobrano 1000 produktów z BaseLinker (strona 11).
2026-01-09 11:00:21,682 - INFO - Pobrano 1000 produktów z BaseLinker (strona 12).
2026-01-09 11:00:22,504 - INFO - Pobrano 1000 produktów z BaseLinker (strona 13).
2026-01-09 11:00:23,338 - INFO - Pobrano 1000 produktów z BaseLinker (strona 14).
2026-01-09 11:00:24,204 - INFO - Pobrano 1000 produktów z BaseLinker (strona 15).
2026-01-09 11:00:25,075 - INFO - Pobrano 1000 produktów z BaseLinker (strona 16).
2026-01-09 11:00:26,180 - INFO - Pobrano 1000 produktów z BaseLinker (strona 17).
2026-01-09 11:00:27,050 - INFO - Pobrano 1000 produktów z BaseLinker (strona 18).
2026-01-09 11:00:27,983 - INFO - Pobrano 1000 produktów z BaseLinker (strona 19).
2026-01-09 11:00:28,815 - INFO - Pobrano 1000 produktów z BaseLinker (strona 20).
2026-01-09 11:00:29,619 - INFO - Pobrano 1000 produktów z BaseLinker (strona 21).
2026-01-09 11:00:30,485 - INFO - Pobrano 1000 produktów z BaseLinker (strona 22).
2026-01-09 11:00:31,443 - INFO - Pobrano 1000 produktów z BaseLinker (strona 23).
2026-01-09 11:00:32,539 - INFO - Pobrano 1000 produktów z BaseLinker (strona 24).
2026-01-09 11:00:33,756 - INFO - Pobrano 1000 produktów z BaseLinker (strona 25).
2026-01-09 11:00:34,628 - INFO - Pobrano 1000 produktów z BaseLinker (strona 26).
2026-01-09 11:00:35,550 - INFO - Pobrano 1000 produktów z BaseLinker (strona 27).
2026-01-09 11:00:36,419 - INFO - Pobrano 1000 produktów z BaseLinker (strona 28).
2026-01-09 11:00:37,566 - INFO - Pobrano 1000 produktów z BaseLinker (strona 29).
2026-01-09 11:00:38,505 - INFO - Pobrano 1000 produktów z BaseLinker (strona 30).
2026-01-09 11:00:39,399 - INFO - Pobrano 1000 produktów z BaseLinker (strona 31).
2026-01-09 11:00:40,266 - INFO - Pobrano 1000 produktów z BaseLinker (strona 32).
2026-01-09 11:00:41,649 - INFO - Pobrano 1000 produktów z BaseLinker (strona 33).
2026-01-09 11:00:42,657 - INFO - Pobrano 1000 produktów z BaseLinker (strona 34).
2026-01-09 11:00:43,519 - INFO - Pobrano 1000 produktów z BaseLinker (strona 35).
2026-01-09 11:00:44,460 - INFO - Pobrano 1000 produktów z BaseLinker (strona 36).
2026-01-09 11:00:45,353 - INFO - Pobrano 1000 produktów z BaseLinker (strona 37).
2026-01-09 11:00:46,237 - INFO - Pobrano 1000 produktów z BaseLinker (strona 38).
2026-01-09 11:00:47,098 - INFO - Pobrano 1000 produktów z BaseLinker (strona 39).
2026-01-09 11:00:48,008 - INFO - Pobrano 1000 produktów z BaseLinker (strona 40).
2026-01-09 11:00:48,889 - INFO - Pobrano 1000 produktów z BaseLinker (strona 41).
2026-01-09 11:00:49,947 - INFO - Pobrano 1000 produktów z BaseLinker (strona 42).
2026-01-09 11:00:50,850 - INFO - Pobrano 1000 produktów z BaseLinker (strona 43).
2026-01-09 11:00:51,724 - INFO - Pobrano 1000 produktów z BaseLinker (strona 44).
2026-01-09 11:00:52,667 - INFO - Pobrano 1000 produktów z BaseLinker (strona 45).
2026-01-09 11:00:53,542 - INFO - Pobrano 1000 produktów z BaseLinker (strona 46).
2026-01-09 11:00:54,459 - INFO - Pobrano 1000 produktów z BaseLinker (strona 47).
2026-01-09 11:00:55,381 - INFO - Pobrano 1000 produktów z BaseLinker (strona 48).
2026-01-09 11:00:56,688 - INFO - Pobrano 1000 produktów z BaseLinker (strona 49).
2026-01-09 11:00:57,909 - INFO - Pobrano 1000 produktów z BaseLinker (strona 50).
2026-01-09 11:00:58,944 - INFO - Pobrano 1000 produktów z BaseLinker (strona 51).
2026-01-09 11:00:59,911 - INFO - Pobrano 1000 produktów z BaseLinker (strona 52).
2026-01-09 11:01:00,821 - INFO - Pobrano 1000 produktów z BaseLinker (strona 53).
2026-01-09 11:01:01,729 - INFO - Pobrano 1000 produktów z BaseLinker (strona 54).
2026-01-09 11:01:02,646 - INFO - Pobrano 1000 produktów z BaseLinker (strona 55).
2026-01-09 11:01:03,564 - INFO - Pobrano 1000 produktów z BaseLinker (strona 56).
2026-01-09 11:01:04,524 - INFO - Pobrano 1000 produktów z BaseLinker (strona 57).
2026-01-09 11:01:05,460 - INFO - Pobrano 1000 produktów z BaseLinker (strona 58).
2026-01-09 11:01:06,391 - INFO - Pobrano 1000 produktów z BaseLinker (strona 59).
2026-01-09 11:01:07,331 - INFO - Pobrano 1000 produktów z BaseLinker (strona 60).
2026-01-09 11:01:08,258 - INFO - Pobrano 1000 produktów z BaseLinker (strona 61).
2026-01-09 11:01:09,163 - INFO - Pobrano 1000 produktów z BaseLinker (strona 62).
2026-01-09 11:01:10,186 - INFO - Pobrano 1000 produktów z BaseLinker (strona 63).
2026-01-09 11:01:11,176 - INFO - Pobrano 1000 produktów z BaseLinker (strona 64).
2026-01-09 11:01:12,151 - INFO - Pobrano 1000 produktów z BaseLinker (strona 65).
2026-01-09 11:01:13,125 - INFO - Pobrano 1000 produktów z BaseLinker (strona 66).
2026-01-09 11:01:14,086 - INFO - Pobrano 1000 produktów z BaseLinker (strona 67).
2026-01-09 11:01:15,122 - INFO - Pobrano 1000 produktów z BaseLinker (strona 68).
2026-01-09 11:01:17,191 - INFO - Pobrano 1000 produktów z BaseLinker (strona 69).
2026-01-09 11:01:18,139 - INFO - Pobrano 1000 produktów z BaseLinker (strona 70).
2026-01-09 11:01:19,131 - INFO - Pobrano 1000 produktów z BaseLinker (strona 71).
2026-01-09 11:01:20,103 - INFO - Pobrano 1000 produktów z BaseLinker (strona 72).
2026-01-09 11:01:21,045 - INFO - Pobrano 1000 produktów z BaseLinker (strona 73).
2026-01-09 11:01:22,051 - INFO - Pobrano 1000 produktów z BaseLinker (strona 74).
2026-01-09 11:01:23,040 - INFO - Pobrano 1000 produktów z BaseLinker (strona 75).
2026-01-09 11:01:24,027 - INFO - Pobrano 1000 produktów z BaseLinker (strona 76).
2026-01-09 11:01:24,995 - INFO - Pobrano 1000 produktów z BaseLinker (strona 77).
2026-01-09 11:01:25,974 - INFO - Pobrano 1000 produktów z BaseLinker (strona 78).
2026-01-09 11:01:26,937 - INFO - Pobrano 1000 produktów z BaseLinker (strona 79).
2026-01-09 11:01:27,894 - INFO - Pobrano 1000 produktów z BaseLinker (strona 80).
2026-01-09 11:01:28,892 - INFO - Pobrano 1000 produktów z BaseLinker (strona 81).
2026-01-09 11:01:29,890 - INFO - Pobrano 1000 produktów z BaseLinker (strona 82).
2026-01-09 11:01:31,213 - INFO - Pobrano 1000 produktów z BaseLinker (strona 83).
2026-01-09 11:01:32,840 - INFO - Pobrano 1000 produktów z BaseLinker (strona 84).
2026-01-09 11:01:33,926 - INFO - Pobrano 1000 produktów z BaseLinker (strona 85).
2026-01-09 11:01:34,915 - INFO - Pobrano 307 produktów z BaseLinker (strona 86).
2026-01-09 11:01:35,941 - INFO - £¹cznie pobrano 85307 produktów z BaseLinker.
2026-01-09 11:01:36,009 - INFO - Dodano 490 nowych SKU do bazy SKU-to-ID.
2026-01-09 11:01:36,362 - INFO - Zapisano bazê SKU-to-ID do pliku: 85307 rekordów.
