2025-05-23 10:10:17,295 - INFO - Za³adowano bazê SKU-to-ID z pliku: 299974 rekordów.
2025-05-23 10:10:17,478 - INFO - Znaleziono poprawny magazyn: Magazyn BaseLinker (ID: bl_1)
2025-05-23 10:10:52,767 - INFO - Pomyœlnie sparsowano 789239 produktów z XML online.
2025-05-23 10:10:53,821 - INFO - Podzielono na 790 partii po 1000 produktów.
2025-05-23 10:11:18,930 - INFO - Pomyœlnie zaktualizowano ceny 1000 produktów.
2025-05-23 10:11:44,691 - INFO - Pomyœlnie zaktualizowano ceny 1000 produktów.
2025-05-23 10:12:06,263 - INFO - Pomyœlnie zaktualizowano ceny 1000 produktów.
2025-05-23 10:12:27,993 - INFO - Pomyœlnie zaktualizowano ceny 1000 produktów.
2025-05-23 10:12:49,595 - INFO - Pomyœlnie zaktualizowano ceny 1000 produktów.
2025-05-23 10:13:11,076 - INFO - Pomyœlnie zaktualizowano ceny 1000 produktów.
2025-05-23 10:13:36,160 - INFO - Pomyœlnie zaktualizowano ceny 1000 produktów.
2025-05-23 10:13:57,261 - INFO - Pomyœlnie zaktualizowano ceny 1000 produktów.
2025-05-23 10:14:22,507 - INFO - Pomyœlnie zaktualizowano ceny 1000 produktów.
2025-05-23 10:14:44,671 - INFO - Pomyœlnie zaktualizowano ceny 1000 produktów.
2025-05-23 10:15:10,372 - INFO - Pomyœlnie zaktualizowano ceny 1000 produktów.
2025-05-23 10:15:36,610 - INFO - Pomyœlnie zaktualizowano ceny 1000 produktów.
2025-05-23 10:16:01,547 - INFO - Pomyœlnie zaktualizowano ceny 1000 produktów.
2025-05-23 10:16:24,662 - INFO - Pomyœlnie zaktualizowano ceny 1000 produktów.
2025-05-23 10:16:54,372 - INFO - Pomyœlnie zaktualizowano ceny 1000 produktów.
2025-05-23 10:17:16,241 - INFO - Pomyœlnie zaktualizowano ceny 1000 produktów.
2025-05-23 10:17:38,402 - INFO - Pomyœlnie zaktualizowano ceny 1000 produktów.
2025-05-23 10:17:59,534 - INFO - Pomyœlnie zaktualizowano ceny 1000 produktów.
2025-05-23 10:23:11,389 - INFO - Za³adowano bazê SKU-to-ID z pliku: 299974 rekordów.
2025-05-23 10:23:11,570 - INFO - Znaleziono poprawny magazyn: Magazyn BaseLinker (ID: bl_1)
2025-05-23 10:23:49,819 - INFO - Pomyœlnie sparsowano 789239 produktów z XML online.
2025-05-23 10:23:50,858 - INFO - Podzielono na 790 partii po 1000 produktów.
2025-05-23 10:23:51,878 - INFO - Pomyœlnie zaktualizowano ceny 1000 produktów.
2025-05-23 10:23:53,176 - INFO - Pomyœlnie zaktualizowano ceny 1000 produktów.
2025-05-23 10:23:54,435 - INFO - Pomyœlnie zaktualizowano ceny 1000 produktów.
2025-05-23 10:23:55,568 - INFO - Pomyœlnie zaktualizowano ceny 1000 produktów.
2025-05-23 10:23:56,693 - INFO - Pomyœlnie zaktualizowano ceny 1000 produktów.
2025-05-23 10:23:57,898 - INFO - Pomyœlnie zaktualizowano ceny 1000 produktów.
2025-05-23 10:23:59,055 - INFO - Pomyœlnie zaktualizowano ceny 1000 produktów.
2025-05-23 10:24:00,348 - INFO - Pomyœlnie zaktualizowano ceny 1000 produktów.
2025-05-23 10:24:01,528 - INFO - Pomyœlnie zaktualizowano ceny 1000 produktów.
2025-05-23 10:24:02,276 - INFO - Pomyœlnie zaktualizowano ceny 1000 produktów.
2025-05-23 10:24:03,552 - INFO - Pomyœlnie zaktualizowano ceny 1000 produktów.
2025-05-23 10:24:04,733 - INFO - Pomyœlnie zaktualizowano ceny 1000 produktów.
2025-05-23 10:24:05,972 - INFO - Pomyœlnie zaktualizowano ceny 1000 produktów.
2025-05-23 10:24:07,233 - INFO - Pomyœlnie zaktualizowano ceny 1000 produktów.
2025-05-23 10:24:08,428 - INFO - Pomyœlnie zaktualizowano ceny 1000 produktów.
2025-05-23 10:24:09,705 - INFO - Pomyœlnie zaktualizowano ceny 1000 produktów.
2025-05-23 10:24:10,745 - INFO - Pomyœlnie zaktualizowano ceny 1000 produktów.
2025-05-23 10:24:11,856 - INFO - Pomyœlnie zaktualizowano ceny 1000 produktów.
2025-05-23 10:24:13,302 - INFO - Pomyœlnie zaktualizowano ceny 1000 produktów.
2025-05-23 10:24:35,463 - INFO - Pomyœlnie zaktualizowano ceny 1000 produktów.
2025-05-23 10:24:36,758 - INFO - Pomyœlnie zaktualizowano ceny 1000 produktów.
2025-05-23 10:24:38,056 - INFO - Pomyœlnie zaktualizowano ceny 1000 produktów.
2025-05-23 10:24:41,309 - INFO - Pomyœlnie zaktualizowano ceny 1000 produktów.
2025-05-23 10:24:42,170 - INFO - Pomyœlnie zaktualizowano ceny 1000 produktów.
2025-05-23 10:24:42,387 - INFO - Pomyœlnie zaktualizowano ceny 1000 produktów.
2025-05-23 10:24:43,373 - INFO - Pomyœlnie zaktualizowano ceny 1000 produktów.
2025-05-23 10:24:43,575 - INFO - Pomyœlnie zaktualizowano ceny 1000 produktów.
2025-05-23 10:24:44,484 - INFO - Pomyœlnie zaktualizowano ceny 1000 produktów.
2025-05-23 10:24:45,873 - INFO - Pomyœlnie zaktualizowano ceny 1000 produktów.
2025-05-23 10:24:56,353 - INFO - Pomyœlnie zaktualizowano ceny 1000 produktów.
2025-05-23 10:24:58,822 - INFO - Pomyœlnie zaktualizowano ceny 1000 produktów.
2025-05-23 10:25:01,205 - INFO - Pomyœlnie zaktualizowano ceny 1000 produktów.
2025-05-23 10:25:03,167 - INFO - Pomyœlnie zaktualizowano ceny 1000 produktów.
2025-05-23 10:25:04,650 - INFO - Pomyœlnie zaktualizowano ceny 1000 produktów.
2025-05-23 10:25:06,003 - INFO - Pomyœlnie zaktualizowano ceny 1000 produktów.
2025-05-23 10:25:06,206 - INFO - Pomyœlnie zaktualizowano ceny 1000 produktów.
2025-05-23 10:25:07,902 - INFO - Pomyœlnie zaktualizowano ceny 1000 produktów.
2025-05-23 10:25:08,090 - INFO - Pomyœlnie zaktualizowano ceny 1000 produktów.
2025-05-23 10:25:08,992 - INFO - Pomyœlnie zaktualizowano ceny 1000 produktów.
2025-05-23 10:25:19,231 - INFO - Pomyœlnie zaktualizowano ceny 1000 produktów.
2025-05-23 10:25:21,736 - INFO - Pomyœlnie zaktualizowano ceny 1000 produktów.
2025-05-23 10:25:27,598 - INFO - Pomyœlnie zaktualizowano ceny 1000 produktów.
2025-05-23 10:25:29,059 - INFO - Pomyœlnie zaktualizowano ceny 1000 produktów.
2025-05-23 10:25:30,340 - INFO - Pomyœlnie zaktualizowano ceny 1000 produktów.
2025-05-23 10:25:30,697 - INFO - Pomyœlnie zaktualizowano ceny 1000 produktów.
2025-05-23 10:25:31,286 - INFO - Pomyœlnie zaktualizowano ceny 1000 produktów.
2025-05-23 10:25:31,376 - INFO - Pomyœlnie zaktualizowano ceny 1000 produktów.
2025-05-23 10:25:32,888 - INFO - Pomyœlnie zaktualizowano ceny 1000 produktów.
2025-05-23 10:25:33,090 - INFO - Pomyœlnie zaktualizowano ceny 1000 produktów.
2025-05-23 10:25:40,370 - INFO - Pomyœlnie zaktualizowano ceny 1000 produktów.
2025-05-23 10:25:45,855 - INFO - Pomyœlnie zaktualizowano ceny 1000 produktów.
2025-05-23 10:25:49,430 - INFO - Pomyœlnie zaktualizowano ceny 1000 produktów.
2025-05-23 10:25:50,641 - INFO - Pomyœlnie zaktualizowano ceny 1000 produktów.
2025-05-23 10:25:51,036 - INFO - Pomyœlnie zaktualizowano ceny 1000 produktów.
2025-05-23 10:25:51,500 - INFO - Pomyœlnie zaktualizowano ceny 1000 produktów.
2025-05-23 10:25:51,626 - INFO - Pomyœlnie zaktualizowano ceny 1000 produktów.
2025-05-23 10:25:53,096 - INFO - Pomyœlnie zaktualizowano ceny 1000 produktów.
2025-05-23 10:25:53,365 - INFO - Pomyœlnie zaktualizowano ceny 1000 produktów.
2025-05-23 10:25:55,225 - INFO - Pomyœlnie zaktualizowano ceny 1000 produktów.
2025-05-23 10:26:05,395 - INFO - Pomyœlnie zaktualizowano ceny 1000 produktów.
2025-05-23 10:26:09,890 - INFO - Pomyœlnie zaktualizowano ceny 1000 produktów.
2025-05-23 10:26:12,176 - INFO - Pomyœlnie zaktualizowano ceny 1000 produktów.
2025-05-23 10:26:13,566 - INFO - Pomyœlnie zaktualizowano ceny 1000 produktów.
2025-05-23 10:26:13,877 - INFO - Pomyœlnie zaktualizowano ceny 1000 produktów.
2025-05-23 10:26:14,794 - INFO - Pomyœlnie zaktualizowano ceny 1000 produktów.
2025-05-23 10:26:15,270 - INFO - Pomyœlnie zaktualizowano ceny 1000 produktów.
2025-05-23 10:26:15,698 - INFO - Pomyœlnie zaktualizowano ceny 1000 produktów.
2025-05-23 10:26:17,696 - INFO - Pomyœlnie zaktualizowano ceny 1000 produktów.
2025-05-23 10:26:19,428 - INFO - Pomyœlnie zaktualizowano ceny 1000 produktów.
2025-05-23 10:26:26,207 - INFO - Pomyœlnie zaktualizowano ceny 1000 produktów.
2025-05-23 10:26:30,811 - INFO - Pomyœlnie zaktualizowano ceny 1000 produktów.
2025-05-23 10:26:35,647 - INFO - Pomyœlnie zaktualizowano ceny 1000 produktów.
2025-05-23 10:26:36,723 - INFO - Pomyœlnie zaktualizowano ceny 1000 produktów.
2025-05-23 10:26:38,057 - INFO - Pomyœlnie zaktualizowano ceny 1000 produktów.
2025-05-23 10:26:38,409 - INFO - Pomyœlnie zaktualizowano ceny 1000 produktów.
2025-05-23 10:26:38,543 - INFO - Pomyœlnie zaktualizowano ceny 1000 produktów.
2025-05-23 10:26:39,613 - INFO - Pomyœlnie zaktualizowano ceny 1000 produktów.
2025-05-23 10:26:40,140 - INFO - Pomyœlnie zaktualizowano ceny 1000 produktów.
2025-05-23 10:26:44,483 - INFO - Pomyœlnie zaktualizowano ceny 1000 produktów.
2025-05-23 10:26:50,768 - INFO - Pomyœlnie zaktualizowano ceny 1000 produktów.
2025-05-23 10:26:55,312 - INFO - Pomyœlnie zaktualizowano ceny 1000 produktów.
2025-05-23 10:26:58,949 - INFO - Pomyœlnie zaktualizowano ceny 1000 produktów.
2025-05-23 10:26:59,233 - INFO - Pomyœlnie zaktualizowano ceny 1000 produktów.
2025-05-23 10:26:59,324 - INFO - Pomyœlnie zaktualizowano ceny 1000 produktów.
2025-05-23 10:27:00,001 - INFO - Pomyœlnie zaktualizowano ceny 1000 produktów.
2025-05-23 10:27:00,241 - INFO - Pomyœlnie zaktualizowano ceny 1000 produktów.
2025-05-23 10:27:01,106 - INFO - Pomyœlnie zaktualizowano ceny 1000 produktów.
2025-05-23 10:27:04,413 - INFO - Pomyœlnie zaktualizowano ceny 1000 produktów.
2025-05-23 10:27:05,454 - INFO - Pomyœlnie zaktualizowano ceny 1000 produktów.
2025-05-23 10:27:11,639 - INFO - Pomyœlnie zaktualizowano ceny 1000 produktów.
2025-05-23 10:27:19,928 - INFO - Pomyœlnie zaktualizowano ceny 1000 produktów.
2025-05-23 10:27:20,904 - INFO - Pomyœlnie zaktualizowano ceny 1000 produktów.
2025-05-23 10:27:21,712 - INFO - Pomyœlnie zaktualizowano ceny 1000 produktów.
2025-05-23 10:27:23,712 - INFO - Pomyœlnie zaktualizowano ceny 1000 produktów.
2025-05-23 10:27:24,093 - INFO - Pomyœlnie zaktualizowano ceny 1000 produktów.
2025-05-23 10:27:24,826 - INFO - Pomyœlnie zaktualizowano ceny 1000 produktów.
2025-05-23 10:27:26,008 - INFO - Pomyœlnie zaktualizowano ceny 1000 produktów.
2025-05-23 10:27:26,954 - INFO - Pomyœlnie zaktualizowano ceny 1000 produktów.
2025-05-23 10:27:29,305 - INFO - Pomyœlnie zaktualizowano ceny 1000 produktów.
2025-05-23 10:27:37,601 - INFO - Pomyœlnie zaktualizowano ceny 1000 produktów.
2025-05-23 10:27:42,059 - INFO - Pomyœlnie zaktualizowano ceny 1000 produktów.
2025-05-23 10:27:44,605 - INFO - Pomyœlnie zaktualizowano ceny 1000 produktów.
2025-05-23 10:27:45,006 - INFO - Pomyœlnie zaktualizowano ceny 1000 produktów.
2025-05-23 10:27:45,287 - INFO - Pomyœlnie zaktualizowano ceny 1000 produktów.
2025-05-23 10:27:45,969 - INFO - Pomyœlnie zaktualizowano ceny 1000 produktów.
2025-05-23 10:27:46,516 - INFO - Pomyœlnie zaktualizowano ceny 1000 produktów.
2025-05-23 10:27:47,135 - INFO - Pomyœlnie zaktualizowano ceny 1000 produktów.
2025-05-23 10:27:50,241 - INFO - Pomyœlnie zaktualizowano ceny 1000 produktów.
2025-05-23 10:27:51,631 - INFO - Pomyœlnie zaktualizowano ceny 1000 produktów.
2025-05-23 10:28:02,097 - INFO - Pomyœlnie zaktualizowano ceny 1000 produktów.
2025-05-23 10:28:05,794 - INFO - Pomyœlnie zaktualizowano ceny 1000 produktów.
2025-05-23 10:28:06,132 - INFO - Pomyœlnie zaktualizowano ceny 1000 produktów.
2025-05-23 10:28:06,510 - INFO - Pomyœlnie zaktualizowano ceny 1000 produktów.
2025-05-23 10:28:06,865 - INFO - Pomyœlnie zaktualizowano ceny 1000 produktów.
2025-05-23 10:28:07,690 - INFO - Pomyœlnie zaktualizowano ceny 1000 produktów.
2025-05-23 10:28:11,007 - INFO - Pomyœlnie zaktualizowano ceny 1000 produktów.
2025-05-23 10:28:12,250 - INFO - Pomyœlnie zaktualizowano ceny 1000 produktów.
2025-05-23 10:28:15,263 - INFO - Pomyœlnie zaktualizowano ceny 1000 produktów.
2025-05-23 10:28:17,050 - INFO - Pomyœlnie zaktualizowano ceny 1000 produktów.
2025-05-23 10:28:26,311 - INFO - Pomyœlnie zaktualizowano ceny 1000 produktów.
2025-05-23 10:28:28,576 - INFO - Pomyœlnie zaktualizowano ceny 1000 produktów.
2025-05-23 10:28:28,759 - INFO - Pomyœlnie zaktualizowano ceny 1000 produktów.
2025-05-23 10:28:31,056 - INFO - Pomyœlnie zaktualizowano ceny 1000 produktów.
2025-05-23 10:28:32,309 - INFO - Pomyœlnie zaktualizowano ceny 1000 produktów.
2025-05-23 10:28:33,014 - INFO - Pomyœlnie zaktualizowano ceny 1000 produktów.
2025-05-23 10:28:33,112 - INFO - Pomyœlnie zaktualizowano ceny 1000 produktów.
2025-05-23 10:28:34,097 - INFO - Pomyœlnie zaktualizowano ceny 1000 produktów.
2025-05-23 10:28:37,067 - INFO - Pomyœlnie zaktualizowano ceny 1000 produktów.
2025-05-23 10:28:41,903 - INFO - Pomyœlnie zaktualizowano ceny 1000 produktów.
2025-05-23 10:28:43,066 - ERROR - B³¹d podczas wysy³ania ¿¹dania (updateProductsPrices): Expecting value: line 1 column 1 (char 0)
2025-05-23 10:28:47,465 - INFO - Pomyœlnie zaktualizowano ceny 1000 produktów.
2025-05-23 10:28:49,937 - INFO - Pomyœlnie zaktualizowano ceny 1000 produktów.
2025-05-23 10:28:53,198 - INFO - Pomyœlnie zaktualizowano ceny 1000 produktów.
2025-05-23 10:28:55,681 - INFO - Pomyœlnie zaktualizowano ceny 1000 produktów.
2025-05-23 10:28:56,920 - INFO - Pomyœlnie zaktualizowano ceny 1000 produktów.
2025-05-23 10:28:57,645 - INFO - Pomyœlnie zaktualizowano ceny 1000 produktów.
2025-05-23 10:28:58,622 - INFO - Pomyœlnie zaktualizowano ceny 1000 produktów.
2025-05-23 10:29:01,534 - INFO - Pomyœlnie zaktualizowano ceny 1000 produktów.
2025-05-23 10:29:06,661 - INFO - Pomyœlnie zaktualizowano ceny 1000 produktów.
2025-05-23 10:29:07,897 - INFO - Pomyœlnie zaktualizowano ceny 1000 produktów.
2025-05-23 10:29:08,569 - INFO - Pomyœlnie zaktualizowano ceny 1000 produktów.
2025-05-23 10:29:11,172 - INFO - Pomyœlnie zaktualizowano ceny 1000 produktów.
2025-05-23 10:29:14,614 - INFO - Pomyœlnie zaktualizowano ceny 1000 produktów.
2025-05-23 10:29:17,205 - INFO - Pomyœlnie zaktualizowano ceny 1000 produktów.
2025-05-23 10:29:19,185 - INFO - Pomyœlnie zaktualizowano ceny 1000 produktów.
2025-05-23 10:29:21,887 - INFO - Pomyœlnie zaktualizowano ceny 1000 produktów.
2025-05-23 10:29:23,592 - INFO - Pomyœlnie zaktualizowano ceny 1000 produktów.
2025-05-23 10:29:26,688 - INFO - Pomyœlnie zaktualizowano ceny 1000 produktów.
2025-05-23 10:29:28,715 - INFO - Pomyœlnie zaktualizowano ceny 1000 produktów.
2025-05-23 10:29:30,072 - INFO - Pomyœlnie zaktualizowano ceny 1000 produktów.
2025-05-23 10:29:33,869 - INFO - Pomyœlnie zaktualizowano ceny 1000 produktów.
2025-05-23 10:29:36,486 - INFO - Pomyœlnie zaktualizowano ceny 1000 produktów.
2025-05-23 10:29:36,654 - INFO - Pomyœlnie zaktualizowano ceny 1000 produktów.
2025-05-23 10:29:39,270 - INFO - Pomyœlnie zaktualizowano ceny 1000 produktów.
2025-05-23 10:29:43,722 - INFO - Pomyœlnie zaktualizowano ceny 1000 produktów.
2025-05-23 10:29:44,299 - INFO - Pomyœlnie zaktualizowano ceny 1000 produktów.
2025-05-23 10:29:45,250 - INFO - Pomyœlnie zaktualizowano ceny 1000 produktów.
2025-05-23 10:29:48,134 - INFO - Pomyœlnie zaktualizowano ceny 1000 produktów.
2025-05-23 10:29:53,830 - INFO - Pomyœlnie zaktualizowano ceny 1000 produktów.
2025-05-23 10:29:55,020 - INFO - Pomyœlnie zaktualizowano ceny 1000 produktów.
2025-05-23 10:29:58,059 - INFO - Pomyœlnie zaktualizowano ceny 1000 produktów.
2025-05-23 10:29:58,707 - INFO - Pomyœlnie zaktualizowano ceny 1000 produktów.
2025-05-23 10:30:00,386 - INFO - Pomyœlnie zaktualizowano ceny 1000 produktów.
2025-05-23 10:30:01,330 - INFO - Pomyœlnie zaktualizowano ceny 1000 produktów.
2025-05-23 10:30:05,530 - INFO - Pomyœlnie zaktualizowano ceny 1000 produktów.
2025-05-23 10:30:09,817 - INFO - Pomyœlnie zaktualizowano ceny 1000 produktów.
2025-05-23 10:30:10,746 - INFO - Pomyœlnie zaktualizowano ceny 1000 produktów.
2025-05-23 10:30:13,972 - INFO - Pomyœlnie zaktualizowano ceny 1000 produktów.
2025-05-23 10:30:33,649 - INFO - Pomyœlnie zaktualizowano ceny 1000 produktów.
2025-05-23 10:30:35,150 - INFO - Pomyœlnie zaktualizowano ceny 1000 produktów.
2025-05-23 10:30:36,008 - INFO - Pomyœlnie zaktualizowano ceny 1000 produktów.
2025-05-23 10:30:37,577 - INFO - Pomyœlnie zaktualizowano ceny 1000 produktów.
2025-05-23 10:30:46,571 - INFO - Pomyœlnie zaktualizowano ceny 1000 produktów.
2025-05-23 10:30:48,678 - INFO - Pomyœlnie zaktualizowano ceny 1000 produktów.
2025-05-23 10:30:56,965 - INFO - Pomyœlnie zaktualizowano ceny 1000 produktów.
2025-05-23 10:31:02,634 - INFO - Pomyœlnie zaktualizowano ceny 1000 produktów.
2025-05-23 10:31:03,553 - INFO - Pomyœlnie zaktualizowano ceny 1000 produktów.
2025-05-23 10:31:05,425 - INFO - Pomyœlnie zaktualizowano ceny 1000 produktów.
2025-05-23 10:31:11,662 - INFO - Pomyœlnie zaktualizowano ceny 1000 produktów.
2025-05-23 10:31:12,606 - INFO - Pomyœlnie zaktualizowano ceny 1000 produktów.
2025-05-23 10:31:12,883 - INFO - Pomyœlnie zaktualizowano ceny 1000 produktów.
2025-05-23 10:31:16,010 - INFO - Pomyœlnie zaktualizowano ceny 1000 produktów.
2025-05-23 10:31:20,528 - INFO - Pomyœlnie zaktualizowano ceny 1000 produktów.
2025-05-23 10:31:21,517 - INFO - Pomyœlnie zaktualizowano ceny 1000 produktów.
2025-05-23 10:31:23,935 - INFO - Pomyœlnie zaktualizowano ceny 1000 produktów.
2025-05-23 10:31:28,250 - INFO - Pomyœlnie zaktualizowano ceny 1000 produktów.
2025-05-23 10:31:29,188 - INFO - Pomyœlnie zaktualizowano ceny 1000 produktów.
2025-05-23 10:31:30,981 - INFO - Pomyœlnie zaktualizowano ceny 1000 produktów.
2025-05-23 10:31:37,350 - INFO - Pomyœlnie zaktualizowano ceny 1000 produktów.
2025-05-23 10:31:38,213 - INFO - Pomyœlnie zaktualizowano ceny 1000 produktów.
2025-05-23 10:31:38,441 - INFO - Pomyœlnie zaktualizowano ceny 1000 produktów.
2025-05-23 10:31:38,489 - INFO - Pomyœlnie zaktualizowano ceny 1000 produktów.
2025-05-23 10:31:42,967 - INFO - Pomyœlnie zaktualizowano ceny 1000 produktów.
2025-05-23 10:31:45,669 - INFO - Pomyœlnie zaktualizowano ceny 1000 produktów.
2025-05-23 10:31:46,937 - INFO - Pomyœlnie zaktualizowano ceny 1000 produktów.
2025-05-23 10:31:50,392 - INFO - Pomyœlnie zaktualizowano ceny 1000 produktów.
2025-05-23 10:31:52,526 - INFO - Pomyœlnie zaktualizowano ceny 1000 produktów.
2025-05-23 10:31:54,294 - INFO - Pomyœlnie zaktualizowano ceny 1000 produktów.
2025-05-23 10:31:58,722 - INFO - Pomyœlnie zaktualizowano ceny 1000 produktów.
2025-05-23 10:31:59,881 - INFO - Pomyœlnie zaktualizowano ceny 1000 produktów.
2025-05-23 10:32:02,964 - INFO - Pomyœlnie zaktualizowano ceny 1000 produktów.
2025-05-23 10:32:03,280 - INFO - Pomyœlnie zaktualizowano ceny 1000 produktów.
2025-05-23 10:32:04,335 - INFO - Pomyœlnie zaktualizowano ceny 1000 produktów.
2025-05-23 10:32:07,304 - INFO - Pomyœlnie zaktualizowano ceny 1000 produktów.
2025-05-23 10:32:09,069 - INFO - Pomyœlnie zaktualizowano ceny 1000 produktów.
2025-05-23 10:32:15,228 - INFO - Pomyœlnie zaktualizowano ceny 1000 produktów.
2025-05-23 10:32:17,458 - INFO - Pomyœlnie zaktualizowano ceny 1000 produktów.
2025-05-23 10:32:19,284 - INFO - Pomyœlnie zaktualizowano ceny 1000 produktów.
2025-05-23 10:32:20,561 - INFO - Pomyœlnie zaktualizowano ceny 1000 produktów.
2025-05-23 10:32:21,710 - INFO - Pomyœlnie zaktualizowano ceny 1000 produktów.
2025-05-23 10:32:24,918 - INFO - Pomyœlnie zaktualizowano ceny 1000 produktów.
2025-05-23 10:32:25,752 - INFO - Pomyœlnie zaktualizowano ceny 1000 produktów.
2025-05-23 10:32:27,952 - INFO - Pomyœlnie zaktualizowano ceny 1000 produktów.
2025-05-23 10:32:28,667 - INFO - Pomyœlnie zaktualizowano ceny 1000 produktów.
2025-05-23 10:32:30,221 - INFO - Pomyœlnie zaktualizowano ceny 1000 produktów.
2025-05-23 10:32:36,360 - INFO - Pomyœlnie zaktualizowano ceny 1000 produktów.
2025-05-23 10:32:40,170 - INFO - Pomyœlnie zaktualizowano ceny 1000 produktów.
2025-05-23 10:32:42,106 - INFO - Pomyœlnie zaktualizowano ceny 1000 produktów.
2025-05-23 10:32:42,596 - INFO - Pomyœlnie zaktualizowano ceny 1000 produktów.
2025-05-23 10:32:44,956 - INFO - Pomyœlnie zaktualizowano ceny 1000 produktów.
2025-05-23 10:32:45,940 - INFO - Pomyœlnie zaktualizowano ceny 1000 produktów.
2025-05-23 10:32:46,931 - INFO - Pomyœlnie zaktualizowano ceny 1000 produktów.
2025-05-23 10:32:48,948 - INFO - Pomyœlnie zaktualizowano ceny 1000 produktów.
2025-05-23 10:32:49,762 - INFO - Pomyœlnie zaktualizowano ceny 1000 produktów.
2025-05-23 10:32:51,297 - INFO - Pomyœlnie zaktualizowano ceny 1000 produktów.
2025-05-23 10:32:57,268 - INFO - Pomyœlnie zaktualizowano ceny 1000 produktów.
2025-05-23 10:33:01,217 - INFO - Pomyœlnie zaktualizowano ceny 999 produktów.
2025-05-23 10:33:03,181 - INFO - Pomyœlnie zaktualizowano ceny 1000 produktów.
2025-05-23 10:33:03,606 - INFO - Pomyœlnie zaktualizowano ceny 1000 produktów.
2025-05-23 10:33:09,910 - INFO - Pomyœlnie zaktualizowano ceny 1000 produktów.
2025-05-23 10:33:10,346 - INFO - Pomyœlnie zaktualizowano ceny 1000 produktów.
2025-05-23 10:33:10,837 - INFO - Pomyœlnie zaktualizowano ceny 1000 produktów.
2025-05-23 10:33:11,259 - INFO - Pomyœlnie zaktualizowano ceny 1000 produktów.
2025-05-23 10:33:11,937 - INFO - Pomyœlnie zaktualizowano ceny 1000 produktów.
2025-05-23 10:33:12,716 - INFO - Pomyœlnie zaktualizowano ceny 1000 produktów.
2025-05-23 10:33:18,938 - INFO - Pomyœlnie zaktualizowano ceny 1000 produktów.
2025-05-23 10:33:23,000 - INFO - Pomyœlnie zaktualizowano ceny 1000 produktów.
2025-05-23 10:33:25,044 - INFO - Pomyœlnie zaktualizowano ceny 1000 produktów.
2025-05-23 10:33:28,374 - INFO - Pomyœlnie zaktualizowano ceny 1000 produktów.
2025-05-23 10:33:31,996 - INFO - Pomyœlnie zaktualizowano ceny 1000 produktów.
2025-05-23 10:33:32,404 - INFO - Pomyœlnie zaktualizowano ceny 1000 produktów.
2025-05-23 10:33:33,089 - INFO - Pomyœlnie zaktualizowano ceny 1000 produktów.
2025-05-23 10:33:33,916 - INFO - Pomyœlnie zaktualizowano ceny 1000 produktów.
2025-05-23 10:33:34,507 - INFO - Pomyœlnie zaktualizowano ceny 1000 produktów.
2025-05-23 10:33:34,839 - INFO - Pomyœlnie zaktualizowano ceny 1000 produktów.
2025-05-23 10:33:43,431 - INFO - Pomyœlnie zaktualizowano ceny 1000 produktów.
2025-05-23 10:33:43,855 - INFO - Pomyœlnie zaktualizowano ceny 1000 produktów.
2025-05-23 10:33:45,548 - INFO - Pomyœlnie zaktualizowano ceny 1000 produktów.
2025-05-23 10:33:52,523 - INFO - Pomyœlnie zaktualizowano ceny 1000 produktów.
2025-05-23 10:33:52,622 - INFO - Pomyœlnie zaktualizowano ceny 1000 produktów.
2025-05-23 10:33:53,514 - INFO - Pomyœlnie zaktualizowano ceny 1000 produktów.
2025-05-23 10:33:55,032 - INFO - Pomyœlnie zaktualizowano ceny 1000 produktów.
2025-05-23 10:33:56,513 - INFO - Pomyœlnie zaktualizowano ceny 1000 produktów.
2025-05-23 10:33:57,933 - INFO - Pomyœlnie zaktualizowano ceny 1000 produktów.
2025-05-23 10:33:58,904 - INFO - Pomyœlnie zaktualizowano ceny 1000 produktów.
2025-05-23 10:34:04,150 - INFO - Pomyœlnie zaktualizowano ceny 1000 produktów.
2025-05-23 10:34:08,117 - INFO - Pomyœlnie zaktualizowano ceny 1000 produktów.
2025-05-23 10:34:10,088 - INFO - Pomyœlnie zaktualizowano ceny 1000 produktów.
2025-05-23 10:34:14,214 - INFO - Pomyœlnie zaktualizowano ceny 1000 produktów.
2025-05-23 10:34:14,400 - INFO - Pomyœlnie zaktualizowano ceny 1000 produktów.
2025-05-23 10:34:16,997 - INFO - Pomyœlnie zaktualizowano ceny 1000 produktów.
2025-05-23 10:34:18,442 - INFO - Pomyœlnie zaktualizowano ceny 1000 produktów.
2025-05-23 10:34:18,559 - INFO - Pomyœlnie zaktualizowano ceny 1000 produktów.
2025-05-23 10:34:19,940 - INFO - Pomyœlnie zaktualizowano ceny 1000 produktów.
2025-05-23 10:34:20,886 - INFO - Pomyœlnie zaktualizowano ceny 1000 produktów.
2025-05-23 10:34:26,031 - INFO - Pomyœlnie zaktualizowano ceny 1000 produktów.
2025-05-23 10:34:33,109 - INFO - Pomyœlnie zaktualizowano ceny 1000 produktów.
2025-05-23 10:34:34,952 - INFO - Pomyœlnie zaktualizowano ceny 1000 produktów.
2025-05-23 10:34:35,338 - INFO - Pomyœlnie zaktualizowano ceny 1000 produktów.
2025-05-23 10:34:39,136 - INFO - Pomyœlnie zaktualizowano ceny 1000 produktów.
2025-05-23 10:34:40,753 - INFO - Pomyœlnie zaktualizowano ceny 1000 produktów.
2025-05-23 10:34:41,535 - INFO - Pomyœlnie zaktualizowano ceny 1000 produktów.
2025-05-23 10:34:42,861 - INFO - Pomyœlnie zaktualizowano ceny 1000 produktów.
2025-05-23 10:34:43,072 - INFO - Pomyœlnie zaktualizowano ceny 1000 produktów.
2025-05-23 10:34:45,451 - INFO - Pomyœlnie zaktualizowano ceny 1000 produktów.
2025-05-23 10:34:46,797 - INFO - Pomyœlnie zaktualizowano ceny 1000 produktów.
2025-05-23 10:34:53,702 - INFO - Pomyœlnie zaktualizowano ceny 1000 produktów.
2025-05-23 10:34:55,876 - INFO - Pomyœlnie zaktualizowano ceny 1000 produktów.
2025-05-23 10:34:59,507 - INFO - Pomyœlnie zaktualizowano ceny 1000 produktów.
2025-05-23 10:34:59,669 - INFO - Pomyœlnie zaktualizowano ceny 1000 produktów.
2025-05-23 10:35:01,348 - INFO - Pomyœlnie zaktualizowano ceny 1000 produktów.
2025-05-23 10:35:02,205 - INFO - Pomyœlnie zaktualizowano ceny 1000 produktów.
2025-05-23 10:35:06,538 - INFO - Pomyœlnie zaktualizowano ceny 1000 produktów.
2025-05-23 10:35:07,566 - INFO - Pomyœlnie zaktualizowano ceny 1000 produktów.
2025-05-23 10:35:07,856 - INFO - Pomyœlnie zaktualizowano ceny 1000 produktów.
2025-05-23 10:35:08,080 - INFO - Pomyœlnie zaktualizowano ceny 1000 produktów.
2025-05-23 10:35:15,455 - INFO - Pomyœlnie zaktualizowano ceny 1000 produktów.
2025-05-23 10:35:17,860 - INFO - Pomyœlnie zaktualizowano ceny 1000 produktów.
2025-05-23 10:35:21,971 - INFO - Pomyœlnie zaktualizowano ceny 1000 produktów.
2025-05-23 10:35:22,132 - INFO - Pomyœlnie zaktualizowano ceny 1000 produktów.
2025-05-23 10:35:24,062 - INFO - Pomyœlnie zaktualizowano ceny 1000 produktów.
2025-05-23 10:35:24,207 - INFO - Pomyœlnie zaktualizowano ceny 1 produktów.
2025-05-23 10:35:24,395 - INFO - Pomyœlnie zaktualizowano ceny 1 produktów.
2025-05-23 10:35:24,572 - INFO - Pomyœlnie zaktualizowano ceny 1 produktów.
2025-05-23 10:35:24,748 - INFO - Pomyœlnie zaktualizowano ceny 38 produktów.
2025-05-23 10:35:24,902 - INFO - Pomyœlnie zaktualizowano ceny 10 produktów.
2025-05-23 10:35:25,063 - INFO - Pomyœlnie zaktualizowano ceny 11 produktów.
2025-05-23 10:35:25,216 - INFO - Pomyœlnie zaktualizowano ceny 1 produktów.
2025-05-23 10:35:25,454 - INFO - Pomyœlnie zaktualizowano ceny 1 produktów.
2025-05-23 10:35:25,619 - INFO - Pomyœlnie zaktualizowano ceny 1 produktów.
2025-05-23 10:35:25,843 - INFO - Pomyœlnie zaktualizowano ceny 1 produktów.
2025-05-23 10:35:27,742 - INFO - Pomyœlnie zaktualizowano ceny 1000 produktów.
2025-05-23 10:35:28,886 - INFO - Pomyœlnie zaktualizowano ceny 1000 produktów.
2025-05-23 10:35:30,294 - INFO - Pomyœlnie zaktualizowano ceny 1000 produktów.
2025-05-23 10:35:32,755 - INFO - Pomyœlnie zaktualizowano ceny 1000 produktów.
2025-05-23 10:35:33,473 - INFO - Pomyœlnie zaktualizowano ceny 1000 produktów.
2025-05-23 10:35:37,190 - INFO - Pomyœlnie zaktualizowano ceny 1000 produktów.
2025-05-23 10:35:42,898 - INFO - Pomyœlnie zaktualizowano ceny 1000 produktów.
2025-05-23 10:35:43,054 - INFO - Pomyœlnie zaktualizowano ceny 1000 produktów.
2025-05-23 10:35:43,268 - INFO - Pomyœlnie zaktualizowano ceny 1000 produktów.
2025-05-23 10:39:40,026 - WARNING - Nieudane update_prices dla 1000 produktów.
2025-05-23 10:39:40,045 - WARNING - Nieudane ceny zapisano do failed_prices_update.json (1000 produktów).
